<?xml version="1.0" encoding="UTF-8"?>
<!-- Generated by org.testng.reporters.JUnitReportReporter -->
<testsuite hostname="NLPULTP7204778" failures="0" tests="4" name="api.tests.User_Test" time="8.098" errors="0" timestamp="2024-03-08T11:43:49 IST" skipped="0">
  <testcase classname="api.tests.User_Test" name="test_post" time="3.312"/>
  <system-out/>
  <testcase classname="api.tests.User_Test" name="test_getuser" time="1.200"/>
  <system-out/>
  <testcase classname="api.tests.User_Test" name="test_update" time="2.431"/>
  <system-out/>
  <testcase classname="api.tests.User_Test" name="test_deleteuser" time="1.155"/>
  <system-out/>
</testsuite> <!-- api.tests.User_Test -->
