<?xml version="1.0" encoding="UTF-8"?>
<!-- Generated by org.testng.reporters.JUnitReportReporter -->
<testsuite hostname="NLPULTP7204778" failures="0" tests="4" name="api.tests.User_Test2" time="7.221" errors="0" timestamp="2024-03-11T16:08:20 IST" skipped="0">
  <testcase classname="api.tests.User_Test2" name="test_post" time="2.655"/>
  <system-out/>
  <testcase classname="api.tests.User_Test2" name="test_getuser" time="1.176"/>
  <system-out/>
  <testcase classname="api.tests.User_Test2" name="test_update" time="2.282"/>
  <system-out/>
  <testcase classname="api.tests.User_Test2" name="test_deleteuser" time="1.108"/>
  <system-out/>
</testsuite> <!-- api.tests.User_Test2 -->
